Arguments: 
  /Users/Cat1/.nvm/versions/node/v12.19.0/bin/node /usr/local/Cellar/yarn/1.22.10/libexec/bin/yarn.js add aws-amplify

PATH: 
  /Users/Cat1/.rvm/gems/ruby-2.4.1/bin:/Users/Cat1/.rvm/gems/ruby-2.4.1@global/bin:/Users/Cat1/.rvm/rubies/ruby-2.4.1/bin:/Users/Cat1/.nvm/versions/node/v12.19.0/bin:/opt/local/bin:/opt/local/sbin:/usr/local/sbin:/usr/local/bin:/usr/local/bin:/usr/bin:/bin:/usr/sbin:/sbin:/usr/local/share/dotnet:/opt/X11/bin:~/.dotnet/tools:/Library/Apple/usr/bin:/Library/Frameworks/Mono.framework/Versions/Current/Commands:/usr/local/git/bin:/Applications/Xamarin Workbooks.app/Contents/SharedSupport/path-bin:/Users/Cat1/.rvm/gems/ruby-2.4.1/bin:/Users/Cat1/.rvm/gems/ruby-2.4.1@global/bin:/Users/Cat1/.rvm/rubies/ruby-2.4.1/bin:/opt/local/bin:/opt/local/sbin:/usr/local/sbin:/Users/Cat1/java:/Users/Cat1/Library/Android/sdk/tools:/Users/Cat1/Library/Android/sdk/tools/bin:/Users/Cat1/Library/Android/sdk/platform-tools:/Users/Cat1/bin:/Users/Cat1/.rvm/bin:/Users/Cat1/java:/Users/Cat1/Library/Android/sdk/tools:/Users/Cat1/Library/Android/sdk/tools/bin:/Users/Cat1/Library/Android/sdk/platform-tools:/Users/Cat1/bin

Yarn version: 
  1.22.10

Node version: 
  12.19.0

Platform: 
  darwin x64

Trace: 
  Invariant Violation: expected workspace package to exist for "yargs"
      at invariant (/usr/local/Cellar/yarn/1.22.10/libexec/lib/cli.js:2314:15)
      at _loop2 (/usr/local/Cellar/yarn/1.22.10/libexec/lib/cli.js:94977:9)
      at PackageHoister.init (/usr/local/Cellar/yarn/1.22.10/libexec/lib/cli.js:95036:19)
      at PackageLinker.getFlatHoistedTree (/usr/local/Cellar/yarn/1.22.10/libexec/lib/cli.js:48744:20)
      at PackageLinker.<anonymous> (/usr/local/Cellar/yarn/1.22.10/libexec/lib/cli.js:48755:27)
      at Generator.next (<anonymous>)
      at step (/usr/local/Cellar/yarn/1.22.10/libexec/lib/cli.js:310:30)
      at /usr/local/Cellar/yarn/1.22.10/libexec/lib/cli.js:328:14
      at new Promise (<anonymous>)
      at new F (/usr/local/Cellar/yarn/1.22.10/libexec/lib/cli.js:5301:28)

npm manifest: 
  {
    "name": "@theraply/lib",
    "version": "1.0.0",
    "description": "Shared code repository",
    "main": "src/index",
    "scripts": {
      "build": "yarn run clean && yarn run compile",
      "clean": "rimraf -rf ./dist",
      "compile": "tsc -p tsconfig.build.json",
      "prepublishOnly": "yarn run build",
      "test": "yarn run build"
    },
    "author": "",
    "license": "ISC",
    "dependencies": {},
    "devDependencies": {
      "typescript": "4.1.3"
    }
  }

yarn manifest: 
  No manifest

Lockfile: 
  No lockfile
